----------------------------------------
Exception occurred during processing of request from None
Traceback (most recent call last):
  File "/Library/Developer/CommandLineTools/Library/Frameworks/Python3.framework/Versions/3.9/lib/python3.9/socketserver.py", line 683, in process_request_thread
    self.finish_request(request, client_address)
  File "/Library/Developer/CommandLineTools/Library/Frameworks/Python3.framework/Versions/3.9/lib/python3.9/socketserver.py", line 360, in finish_request
    self.RequestHandlerClass(request, client_address, self)
  File "/Library/Developer/CommandLineTools/Library/Frameworks/Python3.framework/Versions/3.9/lib/python3.9/http/server.py", line 660, in __init__
    super().__init__(*args, **kwargs)
  File "/Library/Developer/CommandLineTools/Library/Frameworks/Python3.framework/Versions/3.9/lib/python3.9/socketserver.py", line 747, in __init__
    self.handle()
  File "/Library/Developer/CommandLineTools/Library/Frameworks/Python3.framework/Versions/3.9/lib/python3.9/http/server.py", line 434, in handle
    self.handle_one_request()
  File "/Library/Developer/CommandLineTools/Library/Frameworks/Python3.framework/Versions/3.9/lib/python3.9/http/server.py", line 402, in handle_one_request
    self.raw_requestline = self.rfile.readline(65537)
  File "/Library/Developer/CommandLineTools/Library/Frameworks/Python3.framework/Versions/3.9/lib/python3.9/socket.py", line 704, in readinto
    return self._sock.recv_into(b)
ConnectionResetError: [Errno 54] Connection reset by peer
----------------------------------------
2607:8500:faca:de::121 - - [04/Mar/2026 16:46:32] "GET / HTTP/1.0" 200 -
2607:8500:faca:de::121 - - [04/Mar/2026 16:46:46] code 501, message Unsupported method ('POST')
2607:8500:faca:de::121 - - [04/Mar/2026 16:46:46] "POST /sdk HTTP/1.1" 501 -
2607:8500:faca:de::121 - - [04/Mar/2026 16:46:46] "GET / HTTP/1.0" 200 -
2607:8500:faca:de::121 - - [04/Mar/2026 16:46:46] code 404, message File not found
2607:8500:faca:de::121 - - [04/Mar/2026 16:46:46] "GET /nmaplowercheck1772632006 HTTP/1.1" 404 -
2607:8500:faca:de::121 - - [04/Mar/2026 16:46:47] code 404, message File not found
2607:8500:faca:de::121 - - [04/Mar/2026 16:46:47] "GET /evox/about HTTP/1.1" 404 -
2607:8500:faca:de::121 - - [04/Mar/2026 16:46:47] code 404, message File not found
2607:8500:faca:de::121 - - [04/Mar/2026 16:46:47] "GET /HNAP1 HTTP/1.1" 404 -
2607:8500:faca:de::121 - - [04/Mar/2026 16:46:47] "GET / HTTP/1.0" 200 -
2607:8500:faca:de::121 - - [04/Mar/2026 16:46:47] "GET / HTTP/1.1" 200 -
